2016-11-18 20:49:40,608 DEBUG virtualenvwrapper.hook_loader Running initialize hooks
2016-11-18 20:49:40,620 INFO virtualenvwrapper.user_scripts creating /home/sexysw/.virtualenvs/initialize
2016-11-18 20:49:40,623 INFO virtualenvwrapper.user_scripts creating /home/sexysw/.virtualenvs/premkvirtualenv
2016-11-18 20:49:40,627 INFO virtualenvwrapper.user_scripts creating /home/sexysw/.virtualenvs/postmkvirtualenv
2016-11-18 20:49:40,630 INFO virtualenvwrapper.user_scripts creating /home/sexysw/.virtualenvs/prermvirtualenv
2016-11-18 20:49:40,633 INFO virtualenvwrapper.user_scripts creating /home/sexysw/.virtualenvs/postrmvirtualenv
2016-11-18 20:49:40,636 INFO virtualenvwrapper.user_scripts creating /home/sexysw/.virtualenvs/predeactivate
2016-11-18 20:49:40,640 INFO virtualenvwrapper.user_scripts creating /home/sexysw/.virtualenvs/postdeactivate
2016-11-18 20:49:40,643 INFO virtualenvwrapper.user_scripts creating /home/sexysw/.virtualenvs/preactivate
2016-11-18 20:49:40,646 INFO virtualenvwrapper.user_scripts creating /home/sexysw/.virtualenvs/postactivate
2016-11-18 20:49:40,649 INFO virtualenvwrapper.user_scripts creating /home/sexysw/.virtualenvs/get_env_details
2016-11-18 20:49:40,652 INFO virtualenvwrapper.user_scripts creating /home/sexysw/.virtualenvs/premkproject
2016-11-18 20:49:40,655 INFO virtualenvwrapper.user_scripts creating /home/sexysw/.virtualenvs/postmkproject
2016-11-18 20:49:40,658 INFO virtualenvwrapper.user_scripts creating /home/sexysw/.virtualenvs/prermproject
2016-11-18 20:49:40,662 INFO virtualenvwrapper.user_scripts creating /home/sexysw/.virtualenvs/postrmproject
2016-11-18 20:49:40,664 DEBUG virtualenvwrapper.hook_loader Saving sourcable initialize hooks to /tmp/virtualenvwrapper-initialize-hook-CgLEJXGl3E
2016-11-18 20:49:40,944 DEBUG virtualenvwrapper.hook_loader Running initialize hooks
2016-11-18 20:49:40,950 DEBUG virtualenvwrapper.hook_loader Saving sourcable initialize hooks to /tmp/virtualenvwrapper-initialize-hook-sxIWNkZySb
2016-11-23 22:04:22,697 DEBUG virtualenvwrapper.hook_loader Running initialize hooks
2016-11-23 22:04:22,722 DEBUG virtualenvwrapper.hook_loader Saving sourcable initialize hooks to /tmp/virtualenvwrapper-initialize-hook-GBFpKJy4vN
2016-11-23 22:04:23,014 DEBUG virtualenvwrapper.hook_loader Running initialize hooks
2016-11-23 22:04:23,021 DEBUG virtualenvwrapper.hook_loader Saving sourcable initialize hooks to /tmp/virtualenvwrapper-initialize-hook-PVFuSPscu6
2016-11-30 11:18:37,687 DEBUG virtualenvwrapper.hook_loader Running initialize hooks
2016-11-30 11:18:37,712 DEBUG virtualenvwrapper.hook_loader Saving sourcable initialize hooks to /tmp/virtualenvwrapper-initialize-hook-VoQdLmWkT5
2016-11-30 11:18:38,006 DEBUG virtualenvwrapper.hook_loader Running initialize hooks
2016-11-30 11:18:38,013 DEBUG virtualenvwrapper.hook_loader Saving sourcable initialize hooks to /tmp/virtualenvwrapper-initialize-hook-47FdFQzMLp
2016-11-30 11:55:40,973 DEBUG virtualenvwrapper.hook_loader Running initialize hooks
2016-11-30 11:55:40,988 DEBUG virtualenvwrapper.hook_loader Saving sourcable initialize hooks to /tmp/virtualenvwrapper-initialize-hook-KVAAzzok52
2016-11-30 11:55:41,249 DEBUG virtualenvwrapper.hook_loader Running initialize hooks
2016-11-30 11:55:41,255 DEBUG virtualenvwrapper.hook_loader Saving sourcable initialize hooks to /tmp/virtualenvwrapper-initialize-hook-n9DxsKH5nu
2016-12-01 19:30:21,922 DEBUG virtualenvwrapper.hook_loader Running initialize hooks
2016-12-01 19:30:21,945 DEBUG virtualenvwrapper.hook_loader Saving sourcable initialize hooks to /tmp/virtualenvwrapper-initialize-hook-V6lXFB6uuH
2016-12-01 19:30:22,214 DEBUG virtualenvwrapper.hook_loader Running initialize hooks
2016-12-01 19:30:22,221 DEBUG virtualenvwrapper.hook_loader Saving sourcable initialize hooks to /tmp/virtualenvwrapper-initialize-hook-EkPtXxk9E5
2016-12-04 12:35:27,793 DEBUG virtualenvwrapper.hook_loader Running initialize hooks
2016-12-04 12:35:27,810 DEBUG virtualenvwrapper.hook_loader Saving sourcable initialize hooks to /tmp/virtualenvwrapper-initialize-hook-lLYFGM1Lee
2016-12-04 12:35:28,075 DEBUG virtualenvwrapper.hook_loader Running initialize hooks
2016-12-04 12:35:28,082 DEBUG virtualenvwrapper.hook_loader Saving sourcable initialize hooks to /tmp/virtualenvwrapper-initialize-hook-qZyqgTOWW9
2016-12-04 13:57:34,777 DEBUG virtualenvwrapper.hook_loader Running initialize hooks
2016-12-04 13:57:34,803 DEBUG virtualenvwrapper.hook_loader Saving sourcable initialize hooks to /tmp/virtualenvwrapper-initialize-hook-hKg1Ti5VVf
2016-12-04 13:57:35,074 DEBUG virtualenvwrapper.hook_loader Running initialize hooks
2016-12-04 13:57:35,081 DEBUG virtualenvwrapper.hook_loader Saving sourcable initialize hooks to /tmp/virtualenvwrapper-initialize-hook-3dfQgzIi6R
2016-12-04 17:40:09,791 DEBUG virtualenvwrapper.hook_loader Running initialize hooks
2016-12-04 17:40:09,805 DEBUG virtualenvwrapper.hook_loader Saving sourcable initialize hooks to /tmp/virtualenvwrapper-initialize-hook-eU3aDSrcCG
2016-12-04 17:40:10,067 DEBUG virtualenvwrapper.hook_loader Running initialize hooks
2016-12-04 17:40:10,074 DEBUG virtualenvwrapper.hook_loader Saving sourcable initialize hooks to /tmp/virtualenvwrapper-initialize-hook-0Iodp1M5Uq
2016-12-04 20:11:22,408 DEBUG virtualenvwrapper.hook_loader Running initialize hooks
2016-12-04 20:11:22,431 DEBUG virtualenvwrapper.hook_loader Saving sourcable initialize hooks to /tmp/virtualenvwrapper-initialize-hook-khbDOqGa5o
2016-12-04 20:11:22,697 DEBUG virtualenvwrapper.hook_loader Running initialize hooks
2016-12-04 20:11:22,704 DEBUG virtualenvwrapper.hook_loader Saving sourcable initialize hooks to /tmp/virtualenvwrapper-initialize-hook-yFRw4hD9u3
2016-12-05 18:58:57,436 DEBUG virtualenvwrapper.hook_loader Running initialize hooks
2016-12-05 18:58:57,451 DEBUG virtualenvwrapper.hook_loader Saving sourcable initialize hooks to /tmp/virtualenvwrapper-initialize-hook-JONXjPjzS8
2016-12-05 18:58:57,728 DEBUG virtualenvwrapper.hook_loader Running initialize hooks
2016-12-05 18:58:57,735 DEBUG virtualenvwrapper.hook_loader Saving sourcable initialize hooks to /tmp/virtualenvwrapper-initialize-hook-WIJ240j2Wg
2016-12-05 19:19:04,937 DEBUG virtualenvwrapper.hook_loader Running initialize hooks
2016-12-05 19:19:04,952 DEBUG virtualenvwrapper.hook_loader Saving sourcable initialize hooks to /tmp/virtualenvwrapper-initialize-hook-qUekKNhwMA
2016-12-05 19:19:05,217 DEBUG virtualenvwrapper.hook_loader Running initialize hooks
2016-12-05 19:19:05,224 DEBUG virtualenvwrapper.hook_loader Saving sourcable initialize hooks to /tmp/virtualenvwrapper-initialize-hook-nWwXK8dgK2
2016-12-05 21:54:55,657 DEBUG virtualenvwrapper.hook_loader Running initialize hooks
2016-12-05 21:54:55,671 DEBUG virtualenvwrapper.hook_loader Saving sourcable initialize hooks to /tmp/virtualenvwrapper-initialize-hook-bKFrINwt6U
2016-12-05 21:54:55,936 DEBUG virtualenvwrapper.hook_loader Running initialize hooks
2016-12-05 21:54:55,943 DEBUG virtualenvwrapper.hook_loader Saving sourcable initialize hooks to /tmp/virtualenvwrapper-initialize-hook-Zq34jpQ8JB
2016-12-05 21:58:02,590 DEBUG virtualenvwrapper.hook_loader Running initialize hooks
2016-12-05 21:58:02,605 DEBUG virtualenvwrapper.hook_loader Saving sourcable initialize hooks to /tmp/virtualenvwrapper-initialize-hook-OoFvEaCs9A
2016-12-05 21:58:02,867 DEBUG virtualenvwrapper.hook_loader Running initialize hooks
2016-12-05 21:58:02,874 DEBUG virtualenvwrapper.hook_loader Saving sourcable initialize hooks to /tmp/virtualenvwrapper-initialize-hook-9TYm0HD5z1
2016-12-05 22:21:28,264 DEBUG virtualenvwrapper.hook_loader Running initialize hooks
2016-12-05 22:21:28,278 DEBUG virtualenvwrapper.hook_loader Saving sourcable initialize hooks to /tmp/virtualenvwrapper-initialize-hook-OGg38tiN2e
2016-12-05 22:21:28,543 DEBUG virtualenvwrapper.hook_loader Running initialize hooks
2016-12-05 22:21:28,550 DEBUG virtualenvwrapper.hook_loader Saving sourcable initialize hooks to /tmp/virtualenvwrapper-initialize-hook-z9hcP46JIA
2016-12-05 23:14:29,634 DEBUG virtualenvwrapper.hook_loader Running initialize hooks
2016-12-05 23:14:29,651 DEBUG virtualenvwrapper.hook_loader Saving sourcable initialize hooks to /tmp/virtualenvwrapper-initialize-hook-QzPCFTInxz
2016-12-05 23:14:29,919 DEBUG virtualenvwrapper.hook_loader Running initialize hooks
2016-12-05 23:14:29,926 DEBUG virtualenvwrapper.hook_loader Saving sourcable initialize hooks to /tmp/virtualenvwrapper-initialize-hook-kLJaaED1EH
